<?xml version="1.0" encoding="UTF-8"?>
<!-- Generated by org.testng.reporters.JUnitXMLReporter -->
<testsuite hostname="Lab-637618551636341639-1" failures="3" tests="4" name="Test" time="88.831" errors="0" timestamp="27 Sep 2021 14:34:58 GMT">
  <testcase classname="com.urbanladder.runner.runner" name="loginTest" time="24.589"/>
  <testcase classname="com.urbanladder.runner.runner" name="loginTest1" time="12.772">
    <failure type="java.lang.IllegalArgumentException" message="Keys to send should be a not null CharSequence">
      <![CDATA[java.lang.IllegalArgumentException: Keys to send should be a not null CharSequence
	at org.openqa.selenium.remote.RemoteWebElement.sendKeys(RemoteWebElement.java:92)
	at com.urbanladder.pageObject.LoginPage.setUserName(LoginPage.java:25)
	at com.urbanladder.runner.runner.loginTest1(runner.java:65)
... Removed 24 stack frames]]>
    </failure>
  </testcase> <!-- loginTest1 -->
  <testcase classname="com.urbanladder.runner.runner" name="loginTest1" time="17.222">
    <failure type="java.lang.AssertionError" message="expected [true] but found [false]">
      <![CDATA[java.lang.AssertionError: expected [true] but found [false]
	at com.urbanladder.runner.runner.loginTest1(runner.java:77)
... Removed 28 stack frames]]>
    </failure>
  </testcase> <!-- loginTest1 -->
  <testcase classname="com.urbanladder.runner.runner" name="loginTest1" time="14.437">
    <failure type="java.lang.IllegalArgumentException" message="Keys to send should be a not null CharSequence">
      <![CDATA[java.lang.IllegalArgumentException: Keys to send should be a not null CharSequence
	at org.openqa.selenium.remote.RemoteWebElement.sendKeys(RemoteWebElement.java:92)
	at com.urbanladder.pageObject.LoginPage.setPassword(LoginPage.java:29)
	at com.urbanladder.runner.runner.loginTest1(runner.java:67)
... Removed 24 stack frames]]>
    </failure>
  </testcase> <!-- loginTest1 -->
</testsuite> <!-- Test -->
